#
# There is insufficient memory for the Java Runtime Environment to continue.
# Native memory allocation (malloc) failed to allocate 161136 bytes. Error detail: Chunk::new
# Possible reasons:
#   The system is out of physical RAM or swap space
#   This process is running with CompressedOops enabled, and the Java Heap may be blocking the growth of the native heap
# Possible solutions:
#   Reduce memory load on the system
#   Increase physical memory or swap space
#   Check if swap backing store is full
#   Decrease Java heap size (-Xmx/-Xms)
#   Decrease number of Java threads
#   Decrease Java thread stack sizes (-Xss)
#   Set larger code cache with -XX:ReservedCodeCacheSize=
#   JVM is running with Unscaled Compressed Oops mode in which the Java heap is
#     placed in the first 4GB address space. The Java Heap base address is the
#     maximum limit for the native heap growth. Please use -XX:HeapBaseMinAddress
#     to set the Java Heap base and to place the Java Heap above 4GB virtual address.
# This output file may be truncated or incomplete.
#
#  Out of Memory Error (arena.cpp:150), pid=15288, tid=3388
#
# JRE version: Java(TM) SE Runtime Environment (22.0.1+8) (build 22.0.1+8-16)
# Java VM: Java HotSpot(TM) 64-Bit Server VM (22.0.1+8-16, mixed mode, tiered, compressed oops, compressed class ptrs, g1 gc, windows-amd64)
# No core dump will be written. Minidumps are not enabled by default on client versions of Windows
#

---------------  S U M M A R Y ------------

Command Line: -javaagent:C:\Program Files\JetBrains\IntelliJ IDEA Community Edition 2024.1.2\lib\idea_rt.jar=51200:C:\Program Files\JetBrains\IntelliJ IDEA Community Edition 2024.1.2\bin -Dfile.encoding=UTF-8 -Dsun.stdout.encoding=UTF-8 -Dsun.stderr.encoding=UTF-8 org.esfe.Test01JavaeehycmApplication

Host: Intel(R) Celeron(R) N5100 @ 1.10GHz, 4 cores, 3G,  Windows 11 , 64 bit Build 22621 (10.0.22621.3958)
Time: Fri Aug  9 18:22:22 2024 Hora estándar, América Central elapsed time: 1.465039 seconds (0d 0h 0m 1s)

---------------  T H R E A D  ---------------

Current thread (0x000001bc2a014de0):  JavaThread "C2 CompilerThread0" daemon [_thread_in_native, id=3388, stack(0x0000002b0d300000,0x0000002b0d400000) (1024K)]


Current CompileTask:
C2:1465  280   !   4       java.util.zip.ZipFile$Source::checkAndAddEntry (354 bytes)

Stack: [0x0000002b0d300000,0x0000002b0d400000]
Native frames: (J=compiled Java code, j=interpreted, Vv=VM code, C=native code)
V  [msvcp140.dll+0x6e2279]  (no source info available)
V  [jvm.dll+0x874e33]  (no source info available)
V  [jvm.dll+0x87725e]  (no source info available)
V  [jvm.dll+0x877933]  (no source info available)
V  [jvm.dll+0x27fd76]  (no source info available)
V  [jvm.dll+0xc3d0f]  (no source info available)
V  [jvm.dll+0xc3f6b]  (no source info available)
V  [jvm.dll+0x2f3c2f]  (no source info available)
V  [jli.dll+0x60bc9a]  (no source info available)
V  [jvm.dll+0x250db2]  (no source info available)
V  [jvm.dll+0x2493c6]  (no source info available)
V  [jvm.dll+0x246ec6]  (no source info available)
V  [jvm.dll+0x1c4e90]  (no source info available)
V  [jvm.dll+0x2569fe]  (no source info available)
V  [jvm.dll+0x254cba]  (no source info available)
V  [jvm.dll+0x3f5336]  (no source info available)
V  [jvm.dll+0x81d44b]  (no source info available)
V  [jvm.dll+0x6e0915]  (no source info available)
C  [ucrtbase.dll+0x29333]  (no source info available)
C  [KERNEL32.DLL+0x1257d]  (no source info available)
C  [ntdll.dll+0x5af28]  (no source info available)


---------------  P R O C E S S  ---------------

Threads class SMR info:
_java_thread_list=0x000001bc2a183740, length=10, elements={
0x000001bc08f4d0d0, 0x000001bc25c68530, 0x000001bc2a00a5f0, 0x000001bc2a0270b0,
0x000001bc2a028cd0, 0x000001bc2a00f250, 0x000001bc2a00f8e0, 0x000001bc2a014de0,
0x000001bc2a031fc0, 0x000001bc2a00e530
}

Java Threads: ( => current thread )
  0x000001bc08f4d0d0 JavaThread "main"                              [_thread_in_vm, id=13700, stack(0x0000002b0c500000,0x0000002b0c600000) (1024K)]
  0x000001bc25c68530 JavaThread "Reference Handler"          daemon [_thread_blocked, id=13948, stack(0x0000002b0cd00000,0x0000002b0ce00000) (1024K)]
  0x000001bc2a00a5f0 JavaThread "Finalizer"                  daemon [_thread_blocked, id=14576, stack(0x0000002b0ce00000,0x0000002b0cf00000) (1024K)]
  0x000001bc2a0270b0 JavaThread "Signal Dispatcher"          daemon [_thread_blocked, id=3104, stack(0x0000002b0cf00000,0x0000002b0d000000) (1024K)]
  0x000001bc2a028cd0 JavaThread "Attach Listener"            daemon [_thread_blocked, id=14128, stack(0x0000002b0d000000,0x0000002b0d100000) (1024K)]
  0x000001bc2a00f250 JavaThread "Service Thread"             daemon [_thread_blocked, id=11292, stack(0x0000002b0d100000,0x0000002b0d200000) (1024K)]
  0x000001bc2a00f8e0 JavaThread "Monitor Deflation Thread"   daemon [_thread_blocked, id=8752, stack(0x0000002b0d200000,0x0000002b0d300000) (1024K)]
=>0x000001bc2a014de0 JavaThread "C2 CompilerThread0"         daemon [_thread_in_native, id=3388, stack(0x0000002b0d300000,0x0000002b0d400000) (1024K)]
  0x000001bc2a031fc0 JavaThread "C1 CompilerThread0"         daemon [_thread_blocked, id=14168, stack(0x0000002b0d400000,0x0000002b0d500000) (1024K)]
  0x000001bc2a00e530 JavaThread "Common-Cleaner"             daemon [_thread_blocked, id=8600, stack(0x0000002b0d500000,0x0000002b0d600000) (1024K)]
Total: 10

Other Threads:
  0x000001bc25c025d0 VMThread "VM Thread"                           [id=15256, stack(0x0000002b0cc00000,0x0000002b0cd00000) (1024K)]
  0x000001bc25b8a0c0 WatcherThread "VM Periodic Task Thread"        [id=7128, stack(0x0000002b0cb00000,0x0000002b0cc00000) (1024K)]
  0x000001bc091ce820 WorkerThread "GC Thread#0"                     [id=8296, stack(0x0000002b0c600000,0x0000002b0c700000) (1024K)]
  0x000001bc091d7250 ConcurrentGCThread "G1 Main Marker"            [id=3180, stack(0x0000002b0c700000,0x0000002b0c800000) (1024K)]
  0x000001bc091d7f10 WorkerThread "G1 Conc#0"                       [id=8556, stack(0x0000002b0c800000,0x0000002b0c900000) (1024K)]
  0x000001bc09234930 ConcurrentGCThread "G1 Refine#0"               [id=11704, stack(0x0000002b0c900000,0x0000002b0ca00000) (1024K)]
  0x000001bc092363d0 ConcurrentGCThread "G1 Service"                [id=13008, stack(0x0000002b0ca00000,0x0000002b0cb00000) (1024K)]
Total: 7

Threads with active compile tasks:
C2 CompilerThread0  1716  280   !   4       java.util.zip.ZipFile$Source::checkAndAddEntry (354 bytes)
Total: 1

VM state: not at safepoint (normal execution)

VM Mutex/Monitor currently owned by a thread: None

OutOfMemory and StackOverflow Exception counts:
OutOfMemoryError java_heap_errors=1

Heap address: 0x00000000c2e00000, size: 978 MB, Compressed Oops mode: 32-bit

CDS archive(s) not mapped
Compressed class space mapped at: 0x0000000027000000-0x0000000067000000, reserved size: 1073741824
Narrow klass base: 0x0000000000000000, Narrow klass shift: 0, Narrow klass range: 0x67000000

GC Precious Log:
 CardTable entry size: 512
 Card Set container configuration: InlinePtr #cards 5 size 8 Array Of Cards #cards 12 size 40 Howl #buckets 4 coarsen threshold 1843 Howl Bitmap #cards 512 size 80 coarsen threshold 460 Card regions per heap region 1 cards per card region 2048
 CPUs: 4 total, 4 available
 Memory: 3911M
 Large Page Support: Disabled
 NUMA Support: Disabled
 Compressed Oops: Enabled (32-bit)
 Heap Region Size: 1M
 Heap Min Capacity: 8M
 Heap Initial Capacity: 62M
 Heap Max Capacity: 978M
 Pre-touch: Disabled
 Parallel Workers: 4
 Concurrent Workers: 1
 Concurrent Refinement Workers: 4
 Periodic GC: Disabled

Heap:
 garbage-first heap   total reserved 1001472K, committed 63488K, used 4096K [0x00000000c2e00000, 0x0000000100000000)
  region size 1024K, 5 young (5120K), 0 survivors (0K)
 Metaspace       used 6689K, committed 6720K, reserved 1114112K
  class space    used 555K, committed 576K, reserved 1048576K

Heap Regions: E=young(eden), S=young(survivor), O=old, HS=humongous(starts), HC=humongous(continues), CS=collection set, F=free, TAMS=top-at-mark-start, PB=parsable bottom
|   0|0x00000000c2e00000, 0x00000000c2f00000, 0x00000000c2f00000|100%|HS|  |TAMS 0x00000000c2e00000| PB 0x00000000c2e00000| Complete |  0
|   1|0x00000000c2f00000, 0x00000000c2f00000, 0x00000000c3000000|  0%| F|  |TAMS 0x00000000c2f00000| PB 0x00000000c2f00000| Untracked |  0
|   2|0x00000000c3000000, 0x00000000c3000000, 0x00000000c3100000|  0%| F|  |TAMS 0x00000000c3000000| PB 0x00000000c3000000| Untracked |  0
|   3|0x00000000c3100000, 0x00000000c3100000, 0x00000000c3200000|  0%| F|  |TAMS 0x00000000c3100000| PB 0x00000000c3100000| Untracked |  0
|   4|0x00000000c3200000, 0x00000000c3200000, 0x00000000c3300000|  0%| F|  |TAMS 0x00000000c3200000| PB 0x00000000c3200000| Untracked |  0
|   5|0x00000000c3300000, 0x00000000c3300000, 0x00000000c3400000|  0%| F|  |TAMS 0x00000000c3300000| PB 0x00000000c3300000| Untracked |  0
|   6|0x00000000c3400000, 0x00000000c3400000, 0x00000000c3500000|  0%| F|  |TAMS 0x00000000c3400000| PB 0x00000000c3400000| Untracked |  0
|   7|0x00000000c3500000, 0x00000000c3500000, 0x00000000c3600000|  0%| F|  |TAMS 0x00000000c3500000| PB 0x00000000c3500000| Untracked |  0
|   8|0x00000000c3600000, 0x00000000c3600000, 0x00000000c3700000|  0%| F|  |TAMS 0x00000000c3600000| PB 0x00000000c3600000| Untracked |  0
|   9|0x00000000c3700000, 0x00000000c3700000, 0x00000000c3800000|  0%| F|  |TAMS 0x00000000c3700000| PB 0x00000000c3700000| Untracked |  0
|  10|0x00000000c3800000, 0x00000000c3800000, 0x00000000c3900000|  0%| F|  |TAMS 0x00000000c3800000| PB 0x00000000c3800000| Untracked |  0
|  11|0x00000000c3900000, 0x00000000c3900000, 0x00000000c3a00000|  0%| F|  |TAMS 0x00000000c3900000| PB 0x00000000c3900000| Untracked |  0
|  12|0x00000000c3a00000, 0x00000000c3a00000, 0x00000000c3b00000|  0%| F|  |TAMS 0x00000000c3a00000| PB 0x00000000c3a00000| Untracked |  0
|  13|0x00000000c3b00000, 0x00000000c3b00000, 0x00000000c3c00000|  0%| F|  |TAMS 0x00000000c3b00000| PB 0x00000000c3b00000| Untracked |  0
|  14|0x00000000c3c00000, 0x00000000c3c00000, 0x00000000c3d00000|  0%| F|  |TAMS 0x00000000c3c00000| PB 0x00000000c3c00000| Untracked |  0
|  15|0x00000000c3d00000, 0x00000000c3d00000, 0x00000000c3e00000|  0%| F|  |TAMS 0x00000000c3d00000| PB 0x00000000c3d00000| Untracked |  0
|  16|0x00000000c3e00000, 0x00000000c3e00000, 0x00000000c3f00000|  0%| F|  |TAMS 0x00000000c3e00000| PB 0x00000000c3e00000| Untracked |  0
|  17|0x00000000c3f00000, 0x00000000c3f00000, 0x00000000c4000000|  0%| F|  |TAMS 0x00000000c3f00000| PB 0x00000000c3f00000| Untracked |  0
|  18|0x00000000c4000000, 0x00000000c4000000, 0x00000000c4100000|  0%| F|  |TAMS 0x00000000c4000000| PB 0x00000000c4000000| Untracked |  0
|  19|0x00000000c4100000, 0x00000000c4100000, 0x00000000c4200000|  0%| F|  |TAMS 0x00000000c4100000| PB 0x00000000c4100000| Untracked |  0
|  20|0x00000000c4200000, 0x00000000c4200000, 0x00000000c4300000|  0%| F|  |TAMS 0x00000000c4200000| PB 0x00000000c4200000| Untracked |  0
|  21|0x00000000c4300000, 0x00000000c4300000, 0x00000000c4400000|  0%| F|  |TAMS 0x00000000c4300000| PB 0x00000000c4300000| Untracked |  0
|  22|0x00000000c4400000, 0x00000000c4400000, 0x00000000c4500000|  0%| F|  |TAMS 0x00000000c4400000| PB 0x00000000c4400000| Untracked |  0
|  23|0x00000000c4500000, 0x00000000c4500000, 0x00000000c4600000|  0%| F|  |TAMS 0x00000000c4500000| PB 0x00000000c4500000| Untracked |  0
|  24|0x00000000c4600000, 0x00000000c4600000, 0x00000000c4700000|  0%| F|  |TAMS 0x00000000c4600000| PB 0x00000000c4600000| Untracked |  0
|  25|0x00000000c4700000, 0x00000000c4700000, 0x00000000c4800000|  0%| F|  |TAMS 0x00000000c4700000| PB 0x00000000c4700000| Untracked |  0
|  26|0x00000000c4800000, 0x00000000c4800000, 0x00000000c4900000|  0%| F|  |TAMS 0x00000000c4800000| PB 0x00000000c4800000| Untracked |  0
|  27|0x00000000c4900000, 0x00000000c4900000, 0x00000000c4a00000|  0%| F|  |TAMS 0x00000000c4900000| PB 0x00000000c4900000| Untracked |  0
|  28|0x00000000c4a00000, 0x00000000c4a00000, 0x00000000c4b00000|  0%| F|  |TAMS 0x00000000c4a00000| PB 0x00000000c4a00000| Untracked |  0
|  29|0x00000000c4b00000, 0x00000000c4b00000, 0x00000000c4c00000|  0%| F|  |TAMS 0x00000000c4b00000| PB 0x00000000c4b00000| Untracked |  0
|  30|0x00000000c4c00000, 0x00000000c4c00000, 0x00000000c4d00000|  0%| F|  |TAMS 0x00000000c4c00000| PB 0x00000000c4c00000| Untracked |  0
|  31|0x00000000c4d00000, 0x00000000c4d00000, 0x00000000c4e00000|  0%| F|  |TAMS 0x00000000c4d00000| PB 0x00000000c4d00000| Untracked |  0
|  32|0x00000000c4e00000, 0x00000000c4e00000, 0x00000000c4f00000|  0%| F|  |TAMS 0x00000000c4e00000| PB 0x00000000c4e00000| Untracked |  0
|  33|0x00000000c4f00000, 0x00000000c4f00000, 0x00000000c5000000|  0%| F|  |TAMS 0x00000000c4f00000| PB 0x00000000c4f00000| Untracked |  0
|  34|0x00000000c5000000, 0x00000000c5000000, 0x00000000c5100000|  0%| F|  |TAMS 0x00000000c5000000| PB 0x00000000c5000000| Untracked |  0
|  35|0x00000000c5100000, 0x00000000c5100000, 0x00000000c5200000|  0%| F|  |TAMS 0x00000000c5100000| PB 0x00000000c5100000| Untracked |  0
|  36|0x00000000c5200000, 0x00000000c5200000, 0x00000000c5300000|  0%| F|  |TAMS 0x00000000c5200000| PB 0x00000000c5200000| Untracked |  0
|  37|0x00000000c5300000, 0x00000000c5300000, 0x00000000c5400000|  0%| F|  |TAMS 0x00000000c5300000| PB 0x00000000c5300000| Untracked |  0
|  38|0x00000000c5400000, 0x00000000c5400000, 0x00000000c5500000|  0%| F|  |TAMS 0x00000000c5400000| PB 0x00000000c5400000| Untracked |  0
|  39|0x00000000c5500000, 0x00000000c5500000, 0x00000000c5600000|  0%| F|  |TAMS 0x00000000c5500000| PB 0x00000000c5500000| Untracked |  0
|  40|0x00000000c5600000, 0x00000000c5600000, 0x00000000c5700000|  0%| F|  |TAMS 0x00000000c5600000| PB 0x00000000c5600000| Untracked |  0
|  41|0x00000000c5700000, 0x00000000c5700000, 0x00000000c5800000|  0%| F|  |TAMS 0x00000000c5700000| PB 0x00000000c5700000| Untracked |  0
|  42|0x00000000c5800000, 0x00000000c5800000, 0x00000000c5900000|  0%| F|  |TAMS 0x00000000c5800000| PB 0x00000000c5800000| Untracked |  0
|  43|0x00000000c5900000, 0x00000000c5900000, 0x00000000c5a00000|  0%| F|  |TAMS 0x00000000c5900000| PB 0x00000000c5900000| Untracked |  0
|  44|0x00000000c5a00000, 0x00000000c5a00000, 0x00000000c5b00000|  0%| F|  |TAMS 0x00000000c5a00000| PB 0x00000000c5a00000| Untracked |  0
|  45|0x00000000c5b00000, 0x00000000c5b00000, 0x00000000c5c00000|  0%| F|  |TAMS 0x00000000c5b00000| PB 0x00000000c5b00000| Untracked |  0
|  46|0x00000000c5c00000, 0x00000000c5c00000, 0x00000000c5d00000|  0%| F|  |TAMS 0x00000000c5c00000| PB 0x00000000c5c00000| Untracked |  0
|  47|0x00000000c5d00000, 0x00000000c5d00000, 0x00000000c5e00000|  0%| F|  |TAMS 0x00000000c5d00000| PB 0x00000000c5d00000| Untracked |  0
|  48|0x00000000c5e00000, 0x00000000c5e00000, 0x00000000c5f00000|  0%| F|  |TAMS 0x00000000c5e00000| PB 0x00000000c5e00000| Untracked |  0
|  49|0x00000000c5f00000, 0x00000000c5f00000, 0x00000000c6000000|  0%| F|  |TAMS 0x00000000c5f00000| PB 0x00000000c5f00000| Untracked |  0
|  50|0x00000000c6000000, 0x00000000c6000000, 0x00000000c6100000|  0%| F|  |TAMS 0x00000000c6000000| PB 0x00000000c6000000| Untracked |  0
|  51|0x00000000c6100000, 0x00000000c6100000, 0x00000000c6200000|  0%| F|  |TAMS 0x00000000c6100000| PB 0x00000000c6100000| Untracked |  0
|  52|0x00000000c6200000, 0x00000000c6200000, 0x00000000c6300000|  0%| F|  |TAMS 0x00000000c6200000| PB 0x00000000c6200000| Untracked |  0
|  53|0x00000000c6300000, 0x00000000c6300000, 0x00000000c6400000|  0%| F|  |TAMS 0x00000000c6300000| PB 0x00000000c6300000| Untracked |  0
|  54|0x00000000c6400000, 0x00000000c6400000, 0x00000000c6500000|  0%| F|  |TAMS 0x00000000c6400000| PB 0x00000000c6400000| Untracked |  0
|  55|0x00000000c6500000, 0x00000000c6500000, 0x00000000c6600000|  0%| F|  |TAMS 0x00000000c6500000| PB 0x00000000c6500000| Untracked |  0
|  56|0x00000000c6600000, 0x00000000c6600000, 0x00000000c6700000|  0%| F|  |TAMS 0x00000000c6600000| PB 0x00000000c6600000| Untracked |  0
|  57|0x00000000c6700000, 0x00000000c678ae48, 0x00000000c6800000| 54%| E|  |TAMS 0x00000000c6700000| PB 0x00000000c6700000| Complete |  0
|  58|0x00000000c6800000, 0x00000000c6900000, 0x00000000c6900000|100%| E|CS|TAMS 0x00000000c6800000| PB 0x00000000c6800000| Complete |  0
|  59|0x00000000c6900000, 0x00000000c6a00000, 0x00000000c6a00000|100%| E|  |TAMS 0x00000000c6900000| PB 0x00000000c6900000| Complete |  0
|  60|0x00000000c6a00000, 0x00000000c6b00000, 0x00000000c6b00000|100%| E|CS|TAMS 0x00000000c6a00000| PB 0x00000000c6a00000| Complete |  0
|  61|0x00000000c6b00000, 0x00000000c6c00000, 0x00000000c6c00000|100%| E|CS|TAMS 0x00000000c6b00000| PB 0x00000000c6b00000| Complete |  0

Card table byte_map: [0x000001bc224f0000,0x000001bc226e0000] _byte_map_base: 0x000001bc21ed9000

Marking Bits: (CMBitMap*) 0x000001bc091cef30
 Bits: [0x000001bc226e0000, 0x000001bc23628000)

Polling page: 0x000001bc09250000

Metaspace:

Usage:
  Non-class:      5.99 MB used.
      Class:    555.55 KB used.
       Both:      6.53 MB used.

Virtual space:
  Non-class space:       64.00 MB reserved,       6.00 MB (  9%) committed,  1 nodes.
      Class space:        1.00 GB reserved,     576.00 KB ( <1%) committed,  1 nodes.
             Both:        1.06 GB reserved,       6.56 MB ( <1%) committed. 

Chunk freelists:
   Non-Class:  10.00 MB
       Class:  15.25 MB
        Both:  25.25 MB

MaxMetaspaceSize: unlimited
CompressedClassSpaceSize: 1.00 GB
Initial GC threshold: 21.00 MB
Current GC threshold: 21.00 MB
CDS: off
 - commit_granule_bytes: 65536.
 - commit_granule_words: 8192.
 - virtual_space_node_default_size: 8388608.
 - enlarge_chunks_in_place: 1.
 - use_allocation_guard: 0.


Internal statistics:

num_allocs_failed_limit: 0.
num_arena_births: 6.
num_arena_deaths: 0.
num_vsnodes_births: 2.
num_vsnodes_deaths: 0.
num_space_committed: 105.
num_space_uncommitted: 0.
num_chunks_returned_to_freelist: 0.
num_chunks_taken_from_freelist: 23.
num_chunk_merges: 0.
num_chunk_splits: 7.
num_chunks_enlarged: 2.
num_inconsistent_stats: 0.

CodeHeap 'non-profiled nmethods': size=120000Kb used=101Kb max_used=101Kb free=119898Kb
 bounds [0x000001bc1a7b0000, 0x000001bc1aa20000, 0x000001bc21ce0000]
CodeHeap 'profiled nmethods': size=120000Kb used=337Kb max_used=337Kb free=119662Kb
 bounds [0x000001bc12ce0000, 0x000001bc12f50000, 0x000001bc1a210000]
CodeHeap 'non-nmethods': size=5760Kb used=1276Kb max_used=1291Kb free=4483Kb
 bounds [0x000001bc1a210000, 0x000001bc1a480000, 0x000001bc1a7b0000]
 total_blobs=686 nmethods=292 adapters=300
 compilation: enabled
              stopped_count=0, restarted_count=0
 full_count=0

Compilation events (20 events):
Event: 1.363 Thread 0x000001bc2a031fc0  271       3       java.io.WinNTFileSystem::isLetter (30 bytes)
Event: 1.364 Thread 0x000001bc2a031fc0 nmethod 271 0x000001bc12d2d810 code [0x000001bc12d2d9a0, 0x000001bc12d2db90]
Event: 1.368 Thread 0x000001bc2a031fc0  272       3       java.lang.StringBuilder::<init> (7 bytes)
Event: 1.369 Thread 0x000001bc2a031fc0 nmethod 272 0x000001bc12d2dc10 code [0x000001bc12d2ddc0, 0x000001bc12d2df00]
Event: 1.377 Thread 0x000001bc2a031fc0  273       3       java.lang.StringLatin1::replace (198 bytes)
Event: 1.380 Thread 0x000001bc2a031fc0 nmethod 273 0x000001bc12d2df90 code [0x000001bc12d2e240, 0x000001bc12d2efd0]
Event: 1.380 Thread 0x000001bc2a031fc0  274       3       java.lang.StringLatin1::indexOf (37 bytes)
Event: 1.381 Thread 0x000001bc2a031fc0 nmethod 274 0x000001bc12d2f510 code [0x000001bc12d2f6e0, 0x000001bc12d2fae0]
Event: 1.382 Thread 0x000001bc2a014de0  275       4       java.lang.AbstractStringBuilder::ensureCapacityInternal (39 bytes)
Event: 1.395 Thread 0x000001bc2a014de0 nmethod 275 0x000001bc1a7c6c10 code [0x000001bc1a7c6dc0, 0x000001bc1a7c7278]
Event: 1.423 Thread 0x000001bc2a031fc0  276       3       java.lang.String::<init> (98 bytes)
Event: 1.425 Thread 0x000001bc2a031fc0 nmethod 276 0x000001bc12d2fc90 code [0x000001bc12d2fea0, 0x000001bc12d30488]
Event: 1.425 Thread 0x000001bc2a014de0  277       4       java.lang.StringBuilder::append (8 bytes)
Event: 1.442 Thread 0x000001bc2a014de0 nmethod 277 0x000001bc1a7c7810 code [0x000001bc1a7c79e0, 0x000001bc1a7c7f68]
Event: 1.443 Thread 0x000001bc2a014de0  280   !   4       java.util.zip.ZipFile$Source::checkAndAddEntry (354 bytes)
Event: 1.445 Thread 0x000001bc2a031fc0  281       3       java.lang.StringBuilder::append (10 bytes)
Event: 1.445 Thread 0x000001bc2a031fc0 nmethod 281 0x000001bc12d30690 code [0x000001bc12d30840, 0x000001bc12d30990]
Event: 1.446 Thread 0x000001bc2a031fc0  282       3       java.lang.AbstractStringBuilder::appendChars (207 bytes)
Event: 1.449 Thread 0x000001bc2a031fc0 nmethod 282 0x000001bc12d30a90 code [0x000001bc12d30d40, 0x000001bc12d31c68]
Event: 1.450 Thread 0x000001bc2a031fc0  283       3       sun.nio.fs.WindowsPathParser::nextNonSlash (24 bytes)

GC Heap History (0 events):
No events

Dll operation events (7 events):
Event: 0.041 Loaded shared library C:\Program Files\Java\jdk-22\JAVA22\bin\java.dll
Event: 0.293 Loaded shared library C:\Program Files\Java\jdk-22\JAVA22\bin\jsvml.dll
Event: 0.912 Loaded shared library C:\Program Files\Java\jdk-22\JAVA22\bin\zip.dll
Event: 0.928 Loaded shared library C:\Program Files\Java\jdk-22\JAVA22\bin\instrument.dll
Event: 0.969 Loaded shared library C:\Program Files\Java\jdk-22\JAVA22\bin\net.dll
Event: 0.978 Loaded shared library C:\Program Files\Java\jdk-22\JAVA22\bin\nio.dll
Event: 1.008 Loaded shared library C:\Program Files\Java\jdk-22\JAVA22\bin\zip.dll

Deoptimization events (6 events):
Event: 1.153 Thread 0x000001bc08f4d0d0 Uncommon trap: trap_request=0xffffff45 fr.pc=0x000001bc1a7c41ac relative=0x0000000000000a0c
Event: 1.153 Thread 0x000001bc08f4d0d0 Uncommon trap: reason=unstable_if action=reinterpret pc=0x000001bc1a7c41ac method=java.util.zip.ZipFile$Source.checkAndAddEntry(II)I @ 50 c2
Event: 1.153 Thread 0x000001bc08f4d0d0 DEOPT PACKING pc=0x000001bc1a7c41ac sp=0x0000002b0c5fe150
Event: 1.153 Thread 0x000001bc08f4d0d0 DEOPT UNPACKING pc=0x000001bc1a26469c sp=0x0000002b0c5fe0c0 mode 2
Event: 1.381 Thread 0x000001bc08f4d0d0 DEOPT PACKING pc=0x000001bc12cecbfc sp=0x0000002b0c5fe310
Event: 1.381 Thread 0x000001bc08f4d0d0 DEOPT UNPACKING pc=0x000001bc1a264e23 sp=0x0000002b0c5fd730 mode 0

Classes loaded (20 events):
Event: 1.316 Loading class java/util/TreeSet
Event: 1.316 Loading class java/util/NavigableSet
Event: 1.316 Loading class java/util/SortedSet
Event: 1.317 Loading class java/util/SortedSet done
Event: 1.317 Loading class java/util/NavigableSet done
Event: 1.317 Loading class java/util/TreeSet done
Event: 1.318 Loading class java/util/TreeMap
Event: 1.319 Loading class java/util/NavigableMap
Event: 1.319 Loading class java/util/SortedMap
Event: 1.319 Loading class java/util/SortedMap done
Event: 1.319 Loading class java/util/NavigableMap done
Event: 1.320 Loading class java/util/TreeMap done
Event: 1.320 Loading class java/util/TreeMap$Entry
Event: 1.321 Loading class java/util/TreeMap$Entry done
Event: 1.324 Loading class java/util/TreeMap$KeySet
Event: 1.326 Loading class java/util/TreeMap$KeySet done
Event: 1.327 Loading class java/util/TreeMap$KeyIterator
Event: 1.328 Loading class java/util/TreeMap$PrivateEntryIterator
Event: 1.328 Loading class java/util/TreeMap$PrivateEntryIterator done
Event: 1.328 Loading class java/util/TreeMap$KeyIterator done

Classes unloaded (0 events):
No events

Classes redefined (0 events):
No events

Internal exceptions (0 events):
No events

ZGC Phase Switch (0 events):
No events

VM Operations (2 events):
Event: 0.807 Executing VM operation: HandshakeAllThreads (Deoptimize)
Event: 0.807 Executing VM operation: HandshakeAllThreads (Deoptimize) done

Events (10 events):
Event: 0.054 Thread 0x000001bc08f4d0d0 Thread added: 0x000001bc08f4d0d0
Event: 0.280 Thread 0x000001bc25c68530 Thread added: 0x000001bc25c68530
Event: 0.280 Thread 0x000001bc2a00a5f0 Thread added: 0x000001bc2a00a5f0
Event: 0.285 Thread 0x000001bc2a0270b0 Thread added: 0x000001bc2a0270b0
Event: 0.286 Thread 0x000001bc2a028cd0 Thread added: 0x000001bc2a028cd0
Event: 0.286 Thread 0x000001bc2a00f250 Thread added: 0x000001bc2a00f250
Event: 0.286 Thread 0x000001bc2a00f8e0 Thread added: 0x000001bc2a00f8e0
Event: 0.286 Thread 0x000001bc2a014de0 Thread added: 0x000001bc2a014de0
Event: 0.287 Thread 0x000001bc2a031fc0 Thread added: 0x000001bc2a031fc0
Event: 0.741 Thread 0x000001bc2a00e530 Thread added: 0x000001bc2a00e530


Dynamic libraries:
0x00007ff63baf0000 - 0x00007ff63bb00000 	C:\Program Files\Java\jdk-22\JAVA22\bin\java.exe
0x00007ff8136f0000 - 0x00007ff813907000 	C:\WINDOWS\SYSTEM32\ntdll.dll
0x00007ff812160000 - 0x00007ff812224000 	C:\WINDOWS\System32\KERNEL32.DLL
0x00007ff810a10000 - 0x00007ff810dbd000 	C:\WINDOWS\System32\RPCRT4.dll
0x00007ff810f80000 - 0x00007ff811091000 	C:\WINDOWS\System32\ucrtbase.dll
0x00007ffff1cf0000 - 0x00007ffff1d07000 	C:\Program Files\Java\jdk-22\JAVA22\bin\jli.dll
0x00007ffff1d60000 - 0x00007ffff1d7b000 	C:\Program Files\Java\jdk-22\JAVA22\bin\VCRUNTIME140.dll
0x00007ff8118a0000 - 0x00007ff811952000 	C:\WINDOWS\System32\GDI32.dll
0x00007ff811b40000 - 0x00007ff811be7000 	C:\WINDOWS\System32\gdi32full.dll
0x00007ff811bf0000 - 0x00007ff811c99000 	C:\WINDOWS\System32\msvcp_win.dll
0x00007ff810f50000 - 0x00007ff810f78000 	C:\WINDOWS\System32\bcrypt.dll
0x00007ff811a20000 - 0x00007ff811b34000 	C:\WINDOWS\System32\RPCRT4.dll
0x00007ff8116e0000 - 0x00007ff81188e000 	C:\WINDOWS\System32\USER32.dll
0x00007ff8110a0000 - 0x00007ff8110c6000 	C:\WINDOWS\System32\win32u.dll
0x00007ff812230000 - 0x00007ff812259000 	C:\WINDOWS\System32\GDI32.dll
0x00007ff810dc0000 - 0x00007ff810ed9000 	C:\WINDOWS\System32\gdi32full.dll
0x00007ff811150000 - 0x00007ff8111ea000 	C:\WINDOWS\System32\msvcp_win.dll
0x00007ffffd810000 - 0x00007ffffdaa3000 	C:\WINDOWS\WinSxS\amd64_microsoft.windows.common-controls_6595b64144ccf1df_6.0.22621.3672_none_2713b9d173822955\COMCTL32.dll
0x00007ff808030000 - 0x00007ff80803a000 	C:\WINDOWS\SYSTEM32\VERSION.dll
0x00007ff812de0000 - 0x00007ff812e11000 	C:\WINDOWS\SYSTEM32\POWRPROF.dll
0x00007ff8071e0000 - 0x00007ff8071ec000 	C:\WINDOWS\SYSTEM32\UMPDC.dll
0x00007fffec850000 - 0x00007fffec8de000 	C:\WINDOWS\SYSTEM32\kernel.appcore.dll
0x00007fff71ca0000 - 0x00007fff729e7000 	C:\Program Files\Java\jdk-22\JAVA22\bin\server\jvm.dll
0x00007ff812260000 - 0x00007ff8122d1000 	C:\WINDOWS\System32\WS2_32.dll
0x00007ff808060000 - 0x00007ff808094000 	C:\WINDOWS\SYSTEM32\WINMM.dll
0x00007ff810720000 - 0x00007ff81076d000 	C:\WINDOWS\SYSTEM32\POWRPROF.dll
0x00007ff810700000 - 0x00007ff810713000 	C:\WINDOWS\SYSTEM32\UMPDC.dll
0x00007ff80fa40000 - 0x00007ff80fa58000 	C:\WINDOWS\SYSTEM32\kernel.appcore.dll
0x00007ff801f20000 - 0x00007ff801f2a000 	C:\Program Files\Java\jdk-22\JAVA22\bin\jimage.dll
0x00007ff80e440000 - 0x00007ff80e672000 	C:\WINDOWS\SYSTEM32\DBGHELP.DLL
0x00007ff812ea0000 - 0x00007ff81322d000 	C:\WINDOWS\System32\combase.dll
0x00007ff811e10000 - 0x00007ff811ee7000 	C:\WINDOWS\System32\OLEAUT32.dll
0x00007ffff61f0000 - 0x00007ffff6222000 	C:\WINDOWS\SYSTEM32\dbgcore.DLL
0x00007ff8110d0000 - 0x00007ff81114b000 	C:\WINDOWS\System32\bcryptPrimitives.dll
0x00007ff801a50000 - 0x00007ff801a5f000 	C:\Program Files\Java\jdk-22\JAVA22\bin\instrument.dll
0x00007ffff1cd0000 - 0x00007ffff1cee000 	C:\Program Files\Java\jdk-22\JAVA22\bin\java.dll
0x00007ff8124a0000 - 0x00007ff812d07000 	C:\WINDOWS\System32\SHELL32.dll
0x00007ff811530000 - 0x00007ff8116d5000 	C:\WINDOWS\System32\ole32.dll
0x00007ff80e960000 - 0x00007ff80f25e000 	C:\WINDOWS\SYSTEM32\windows.storage.dll
0x00007ff80e820000 - 0x00007ff80e95f000 	C:\WINDOWS\SYSTEM32\wintypes.dll
0x00007ff811d10000 - 0x00007ff811e09000 	C:\WINDOWS\System32\SHCORE.dll
0x00007ff812d20000 - 0x00007ff812d7e000 	C:\WINDOWS\System32\shlwapi.dll
0x00007ff810940000 - 0x00007ff810961000 	C:\WINDOWS\SYSTEM32\profapi.dll
0x00007fffd6fd0000 - 0x00007fffd70a7000 	C:\Program Files\Java\jdk-22\JAVA22\bin\jsvml.dll
0x00007ffff1ba0000 - 0x00007ffff1bb7000 	C:\WINDOWS\System32\OLEAUT32.dll
0x00007ff801d00000 - 0x00007ff801d10000 	C:\Program Files\Java\jdk-22\JAVA22\bin\net.dll
0x00007ff80feb0000 - 0x00007ff80ff19000 	C:\WINDOWS\system32\mswsock.dll
0x00007ffff1bc0000 - 0x00007ffff1bd6000 	C:\Program Files\Java\jdk-22\JAVA22\bin\nio.dll

dbghelp: loaded successfully - version: 4.0.5 - missing functions: none
symbol engine: initialized successfully - sym options: 0x614 - pdb path: .;C:\Program Files\Java\jdk-22\JAVA22\bin;C:\WINDOWS\SYSTEM32;C:\WINDOWS\WinSxS\amd64_microsoft.windows.common-controls_6595b64144ccf1df_6.0.22621.3672_none_2713b9d173822955;C:\Program Files\Java\jdk-22\JAVA22\bin\server

VM Arguments:
jvm_args: -javaagent:C:\Program Files\JetBrains\IntelliJ IDEA Community Edition 2024.1.2\lib\idea_rt.jar=51200:C:\Program Files\JetBrains\IntelliJ IDEA Community Edition 2024.1.2\bin -Dfile.encoding=UTF-8 -Dsun.stdout.encoding=UTF-8 -Dsun.stderr.encoding=UTF-8 
java_command: org.esfe.Test01JavaeehycmApplication
java_class_path (initial): C:\Users\MINEDUCYT\Downloads\_Test01JAVAEEHYCM\Test01JAVAEEHYCM\target\classes;C:\Users\MINEDUCYT\.m2\repository\org\springframework\boot\spring-boot-starter-data-jpa\3.3.2\spring-boot-starter-data-jpa-3.3.2.jar;C:\Users\MINEDUCYT\.m2\repository\org\springframework\boot\spring-boot-starter-aop\3.3.2\spring-boot-starter-aop-3.3.2.jar;C:\Users\MINEDUCYT\.m2\repository\org\springframework\spring-aop\6.1.11\spring-aop-6.1.11.jar;C:\Users\MINEDUCYT\.m2\repository\org\aspectj\aspectjweaver\1.9.22.1\aspectjweaver-1.9.22.1.jar;C:\Users\MINEDUCYT\.m2\repository\org\springframework\boot\spring-boot-starter-jdbc\3.3.2\spring-boot-starter-jdbc-3.3.2.jar;C:\Users\MINEDUCYT\.m2\repository\com\zaxxer\HikariCP\5.1.0\HikariCP-5.1.0.jar;C:\Users\MINEDUCYT\.m2\repository\org\springframework\spring-jdbc\6.1.11\spring-jdbc-6.1.11.jar;C:\Users\MINEDUCYT\.m2\repository\org\hibernate\orm\hibernate-core\6.5.2.Final\hibernate-core-6.5.2.Final.jar;C:\Users\MINEDUCYT\.m2\repository\jakarta\persistence\jakarta.persistence-api\3.1.0\jakarta.persistence-api-3.1.0.jar;C:\Users\MINEDUCYT\.m2\repository\jakarta\transaction\jakarta.transaction-api\2.0.1\jakarta.transaction-api-2.0.1.jar;C:\Users\MINEDUCYT\.m2\repository\org\jboss\logging\jboss-logging\3.5.3.Final\jboss-logging-3.5.3.Final.jar;C:\Users\MINEDUCYT\.m2\repository\org\hibernate\common\hibernate-commons-annotations\6.0.6.Final\hibernate-commons-annotations-6.0.6.Final.jar;C:\Users\MINEDUCYT\.m2\repository\io\smallrye\jandex\3.1.2\jandex-3.1.2.jar;C:\Users\MINEDUCYT\.m2\repository\com\fasterxml\classmate\1.7.0\classmate-1.7.0.jar;C:\Users\MINEDUCYT\.m2\repository\net\bytebuddy\byte-buddy\1.14.18\byte-buddy-1.14.18.jar;C:\Users\MINEDUCYT\.m2\repository\org\glassfish\jaxb\jaxb-runtime\4.0.5\jaxb-runtime-4.0.5.jar;C:\Users\MINEDUCYT\.m2\repository\org\glassfish\jaxb\jaxb-core\4.0.5\jaxb-core-4.0.5.jar;C:\Users\MINEDUCYT\.m2\repository\org\eclipse\angus\angus-activation\2.0.2\angus-activation-2.0.2.jar;C:\Users\MINEDUCYT\.m2\repository\org\glassfish\jaxb\txw2\4.0.5\txw2-4.0.5.jar;C:\Users\MINEDUCYT\.m2\repository\com\sun\istack\istack-commons-runtime\4.1.2\istack-commons-runtime-4.1.2.jar;C:\Users\MINEDUCYT\.m2\repository\jakarta\inject\jakarta.inject-api\2.0.1\jakarta.inject-api-2.0.1.jar;C:\Users\MINEDUCYT\.m2\repository\org\antlr\antlr4-runtime\4.13.0\antlr4-runtime-4.13.0.jar;C:\Users\MINEDUCYT\.m2\repository\org\springframework\data\spring-data-jpa\3.3.2\spring-data-jpa-3.3.2.jar;C:\Users\MINEDUCYT\.m2\repository\org\springframework\data\spring-data-commons\3.3.2\spring-data-commons-3.3.2.jar;C:\Users\MINEDUCYT\.m2\repository\org\springframework\spring-orm\6.1.11\spring-orm-6.1.11.jar;C:\Users\MINEDUCYT\.m2\repository\org\springframework\spring-context\6.1.11\spring-context-6.1.11.jar;C:\Users\MINEDUCYT\.m2\repository\org\springframework\spring-tx\6.1.11\spring-tx-6.1.11.jar;C:\Users\MINEDUCYT\.m2\repository\org\springframework\spring-beans\6.1.11\spring-beans-6.1.11.jar;C:\Users\MINEDUCYT\.m2\repository\jakarta\annotation\jakarta.annotation-api\2.1.1\jakarta.annotation-api-2.1.1.jar;C:\Users\MINEDUCYT\.m2\repository\org\springframework\spring-aspects\6.1.11\spring-aspects-6.1.11.jar;C:\Users\MINEDUCYT\.m2\repository\org\springframework\boot\spring-boot-starter-thymeleaf\3.3.2\spring-boot-starter-thymeleaf-3.3.2.jar;C:\Users\MINEDUCYT\.m2\repository\org\springframework\boot\spring-boot-starter\3.3.2\spring-boot-starter-3.3.2.jar;C:\Users\MINEDUCYT\.m2\repository\org\springframework\boot\spring-boot-starter-logging\3.3.2\spring-boot-starter-logging-3.3.2.jar;C:\Users\MINEDUCYT\.m2\repository\ch\qos\logback\logback-classic\1.5.6\logback-classic-1.5.6.jar;C:\Users\MINEDUCYT\.m2\repository\ch\qos\logback\logback-core\1.5.6\logback-core-1.5.6.jar;C:\Users\MINEDUCYT\.m2\repository\org\apache\logging\log4j\log4j-to-slf4j\2.23.1\log4j-to-slf4j-2.23.1.jar;C:\Users\MINEDUCYT\.m2\repository\org\apache\logging\log4j\log4j-api\2.23.1\log4j-api-2.23.1.jar;C:\Users\MINEDUCYT\.m2\repository\org\slf4j\jul-to-slf4j\2.0.13\jul-to-slf4j-2.0.13.jar;C:\Users\MINEDUCYT\.m2\repository\org\yaml\snakeyaml\2.2\snakeyaml-2.2.jar;C:\Users\MINEDUCYT\.m2\repository\org\thymeleaf\thymeleaf-spring6\3.1.2.RELEASE\thymeleaf-spring6-3.1.2.RELEASE.jar;C:\Users\MINEDUCYT\.m2\repository\org\springframework\boot\spring-boot-starter-web\3.3.2\spring-boot-starter-web-3.3.2.jar;C:\Users\MINEDUCYT\.m2\repository\org\springframework\boot\spring-boot-starter-json\3.3.2\spring-boot-starter-json-3.3.2.jar;C:\Users\MINEDUCYT\.m2\repository\com\fasterxml\jackson\core\jackson-databind\2.17.2\jackson-databind-2.17.2.jar;C:\Users\MINEDUCYT\.m2\repository\com\fasterxml\jackson\core\jackson-annotations\2.17.2\jackson-annotations-2.17.2.jar;C:\Users\MINEDUCYT\.m2\repository\com\fasterxml\jackson\core\jackson-core\2.17.2\jackson-core-2.17.2.jar;C:\Users\MINEDUCYT\.m2\repository\com\fasterxml\jackson\datatype\jackson-datatype-jdk8\2.17.2\jackson-datatype-jdk8-2.17.2.jar;C:\Users\MINEDUCYT\.m2\repository\com\fasterxml\jackson\datatype\jackson-datatype-jsr310\2.17.2\jackson-datatype-jsr310-2.17.2.jar;C:\Users\MINEDUCYT\.m2\repository\com\fasterxml\jackson\module\jackson-module-parameter-names\2.17.2\jackson-module-parameter-names-2.17.2.jar;C:\Users\MINEDUCYT\.m2\repository\org\springframework\boot\spring-boot-starter-tomcat\3.3.2\spring-boot-starter-tomcat-3.3.2.jar;C:\Users\MINEDUCYT\.m2\repository\org\apache\tomcat\embed\tomcat-embed-core\10.1.26\tomcat-embed-core-10.1.26.jar;C:\Users\MINEDUCYT\.m2\repository\org\apache\tomcat\embed\tomcat-embed-websocket\10.1.26\tomcat-embed-websocket-10.1.26.jar;C:\Users\MINEDUCYT\.m2\repository\org\springframework\spring-web\6.1.11\spring-web-6.1.11.jar;C:\Users\MINEDUCYT\.m2\repository\io\micrometer\micrometer-observation\1.13.2\micrometer-observation-1.13.2.jar;C:\Users\MINEDUCYT\.m2\repository\io\micrometer\micrometer-commons\1.13.2\micrometer-commons-1.13.2.jar;C:\Users\MINEDUCYT\.m2\repository\org\springframework\spring-webmvc\6.1.11\spring-webmvc-6.1.11.jar;C:\Users\MINEDUCYT\.m2\repository\org\springframework\spring-expression\6.1.11\spring-expression-6.1.11.jar;C:\Users\MINEDUCYT\.m2\repository\org\springframework\boot\spring-boot-devtools\3.3.2\spring-boot-devtools-3.3.2.jar;C:\Users\MINEDUCYT\.m2\repository\org\springframework\boot\spring-boot\3.3.2\spring-boot-3.3.2.jar;C:\Users\MINEDUCYT\.m2\repository\org\springframework\boot\spring-boot-autoconfigure\3.3.2\spring-boot-autoconfigure-3.3.2.jar;C:\Users\MINEDUCYT\.m2\repository\com\mysql\mysql-connector-j\8.3.0\mysql-connector-j-8.3.0.jar;C:\Users\MINEDUCYT\.m2\repository\nz\net\ultraq\thymeleaf\thymeleaf-layout-dialect\3.3.0\thymeleaf-layout-dialect-3.3.0.jar;C:\Users\MINEDUCYT\.m2\repository\org\apache\groovy\groovy\4.0.22\groovy-4.0.22.jar;C:\Users\MINEDUCYT\.m2\repository\nz\net\ultraq\groovy\groovy-extensions\2.1.0\groovy-extensions-2.1.0.jar;C:\Users\MINEDUCYT\.m2\repository\nz\net\ultraq\thymeleaf\thymeleaf-expression-processor\3.2.0\thymeleaf-expression-processor-3.2.0.jar;C:\Users\MINEDUCYT\.m2\repository\org\thymeleaf\thymeleaf\3.1.2.RELEASE\thymeleaf-3.1.2.RELEASE.jar;C:\Users\MINEDUCYT\.m2\repository\ognl\ognl\3.3.4\ognl-3.3.4.jar;C:\Users\MINEDUCYT\.m2\repository\org\javassist\javassist\3.29.0-GA\javassist-3.29.0-GA.jar;C:\Users\MINEDUCYT\.m2\repository\org\attoparser\attoparser\2.0.7.RELEASE\attoparser-2.0.7.RELEASE.jar;C:\Users\MINEDUCYT\.m2\repository\org\unbescape\unbescape\1.1.6.RELEASE\unbescape-1.1.6.RELEASE.jar;C:\Users\MINEDUCYT\.m2\repository\org\slf4j\slf4j-api\2.0.13\slf4j-api-2.0.13.jar;C:\Users\MINEDUCYT\.m2\repository\org\springframework\boot\spring-boot-starter-validation\3.3.1\spring-boot-starter-validation-3.3.1.jar;C:\Users\MINEDUCYT\.m2\repository\org\apache\tomcat\embed\tomcat-embed-el\10.1.26\tomcat-embed-el-10.1.26.jar;C:\Users\MINEDUCYT\.m2\repository\org\hibernate\validator\hibernate-validator\8.0.1.Final\hibernate-validator-8.0.1.Final.jar;C:\Users\MINEDUCYT\.m2\repository\jakarta\validation\jakarta.validation-api\3.0.2\jakarta.validation-api-3.0.2.jar;C:\Users\MINEDUCYT\.m2\repository\jakarta\xml\bind\jakarta.xml.bind-api\4.0.2\jakarta.xml.bind-api-4.0.2.jar;C:\Users\MINEDUCYT\.m2\repository\jakarta\activation\jakarta.activation-api\2.1.3\jakarta.activation-api-2.1.3.jar;C:\Users\MINEDUCYT\.m2\repository\org\springframework\spring-core\6.1.11\spring-core-6.1.11.jar;C:\Users\MINEDUCYT\.m2\repository\org\springframework\spring-jcl\6.1.11\spring-jcl-6.1.11.jar
Launcher Type: SUN_STANDARD

[Global flags]
     intx CICompilerCount                          = 3                                         {product} {ergonomic}
     uint ConcGCThreads                            = 1                                         {product} {ergonomic}
     uint G1ConcRefinementThreads                  = 4                                         {product} {ergonomic}
   size_t G1HeapRegionSize                         = 1048576                                   {product} {ergonomic}
   size_t InitialHeapSize                          = 65011712                                  {product} {ergonomic}
   size_t MarkStackSize                            = 4194304                                   {product} {ergonomic}
   size_t MaxHeapSize                              = 1025507328                                {product} {ergonomic}
   size_t MaxNewSize                               = 614465536                                 {product} {ergonomic}
   size_t MinHeapDeltaBytes                        = 1048576                                   {product} {ergonomic}
   size_t MinHeapSize                              = 8388608                                   {product} {ergonomic}
    uintx NonNMethodCodeHeapSize                   = 5832780                                {pd product} {ergonomic}
    uintx NonProfiledCodeHeapSize                  = 122912730                              {pd product} {ergonomic}
    uintx ProfiledCodeHeapSize                     = 122912730                              {pd product} {ergonomic}
    uintx ReservedCodeCacheSize                    = 251658240                              {pd product} {ergonomic}
     bool SegmentedCodeCache                       = true                                      {product} {ergonomic}
   size_t SoftMaxHeapSize                          = 1025507328                             {manageable} {ergonomic}
     bool UseCompressedOops                        = true                           {product lp64_product} {ergonomic}
     bool UseG1GC                                  = true                                      {product} {ergonomic}
     bool UseLargePagesIndividualAllocation        = false                                  {pd product} {ergonomic}

Logging:
Log output configuration:
 #0: stdout all=warning uptime,level,tags foldmultilines=false
 #1: stderr all=off uptime,level,tags foldmultilines=false

Environment Variables:
PATH=C:\Program Files (x86)\Common Files\Oracle\Java\javapath;C:\Program Files\Common Files\Oracle\Java\javapath;C:\Program Files\Microsoft\jdk-11.0.16.101-hotspot\bin;C:\Windows\system32;C:\Windows;C:\Windows\System32\Wbem;C:\Windows\System32\WindowsPowerShell\v1.0\;C:\Windows\System32\OpenSSH\;C:\Program Files (x86)\Microsoft SQL Server\160\Tools\Binn\;C:\Program Files\Microsoft SQL Server\160\Tools\Binn\;C:\Program Files\Microsoft SQL Server\Client SDK\ODBC\170\Tools\Binn\;C:\Program Files\Microsoft SQL Server\160\DTS\Binn\;C:\Program Files (x86)\Microsoft SQL Server\160\DTS\Binn\;C:\Program Files\Azure Data Studio\bin;C:\WINDOWS\system32;C:\WINDOWS;C:\WINDOWS\System32\Wbem;C:\WINDOWS\System32\WindowsPowerShell\v1.0\;C:\WINDOWS\System32\OpenSSH\;C:\Program Files\Microsoft SQL Server\150\Tools\Binn\;C:\Git\cmd;C:\Git\mingw64\bin;C:\Git\usr\bin;C:\Users\MINEDUCYT\.config\herd\bin\nvm;C:\Program Files\nodejs;C:\Program Files\dotnet\;C:\Program Files\MySQL\MySQL Shell 8.0\bin\;C:\Users\MINEDUCYT\.config\herd\bin;C:\Users\MINEDUCYT\AppData\Local\Microsoft\WindowsApps;C:\Program Files\Azure Data Studio\bin;C:\Users\MINEDUCYT\AppData\Local\Programs\Microsoft VS Code\bin;C:\Program Files\JetBrains\IntelliJ IDEA Community Edition 2024.1.2\bin;;C:\Users\MINEDUCYT\AppData\Local\Programs\Azure Data Studio\bin;C:\Users\MINEDUCYT\.dotnet\tools
USERNAME=MINEDUCYT
OS=Windows_NT
PROCESSOR_IDENTIFIER=Intel64 Family 6 Model 156 Stepping 0, GenuineIntel
TMP=C:\Users\MINEDU~1\AppData\Local\Temp
TEMP=C:\Users\MINEDU~1\AppData\Local\Temp




Periodic native trim disabled

---------------  S Y S T E M  ---------------

OS:
 Windows 11 , 64 bit Build 22621 (10.0.22621.3958)
OS uptime: 1 days 6:52 hours

CPU: total 4 (initial active 4) (4 cores per cpu, 1 threads per core) family 6 model 156 stepping 0 microcode 0x24000026, cx8, cmov, fxsr, mmx, 3dnowpref, sse, sse2, sse3, ssse3, sse4.1, sse4.2, popcnt, tsc, tscinvbit, aes, erms, clmul, sha, clflush, clflushopt, clwb, rdtscp, rdpid
Processor Information for all 4 processors :
  Max Mhz: 1114, Current Mhz: 1114, Mhz Limit: 1114

Memory: 4k page, system-wide physical 3911M (349M free)
TotalPageFile size 9056M (AvailPageFile size 0M)
current process WorkingSet (physical memory assigned to process): 38M, peak: 38M
current process commit charge ("private bytes"): 130M, peak: 130M

vm_info: Java HotSpot(TM) 64-Bit Server VM (22.0.1+8-16) for windows-amd64 JRE (22.0.1+8-16), built on 2024-03-12T10:33:16Z by "mach5one" with MS VC++ 17.6 (VS2022)

END.
